<?xml version="1.0" encoding="UTF-8"?>
<!-- Generated by org.testng.reporters.JUnitReportReporter -->
<testsuite hostname="DESKTOP-N6P94DG" failures="0" tests="1" name="appiumlearning.Appium_02_StartServer" time="47.045" errors="0" timestamp="2024-01-29T21:24:16 IST" skipped="0">
  <testcase classname="appiumlearning.Appium_02_StartServer" name="TestConfigureAppium" time="47.045"/>
  <system-out/>
</testsuite> <!-- appiumlearning.Appium_02_StartServer -->
