<?xml version="1.0" encoding="UTF-8"?>
<!-- Generated by org.testng.reporters.JUnitReportReporter -->
<testsuite hostname="DESKTOP-N6P94DG" failures="0" tests="1" name="rahulshettyacademy.Appium_10_DragDrop" time="11.506" errors="0" timestamp="2023-11-28T12:24:04 IST" skipped="0">
  <testcase classname="rahulshettyacademy.Appium_10_DragDrop" name="DragDropTest" time="11.506"/>
  <system-out/>
</testsuite> <!-- rahulshettyacademy.Appium_10_DragDrop -->
