<?xml version="1.0" encoding="UTF-8"?>
<!-- Generated by org.testng.reporters.JUnitReportReporter -->
<testsuite hostname="DESKTOP-N6P94DG" failures="0" tests="1" name="rahulshettyacademy.Appium_11_MisceallanousAppiumActions" time="32.111" errors="0" timestamp="2023-11-28T12:44:39 IST" skipped="0">
  <testcase classname="rahulshettyacademy.Appium_11_MisceallanousAppiumActions" name="Miscellanous" time="32.111"/>
  <system-out/>
</testsuite> <!-- rahulshettyacademy.Appium_11_MisceallanousAppiumActions -->
