<?xml version="1.0" encoding="UTF-8"?>
<!-- Generated by org.testng.reporters.JUnitReportReporter -->
<testsuite hostname="DESKTOP-N6P94DG" failures="0" tests="1" name="rahulshettyacademy.Appium_02_StartServer" time="34.079" errors="0" timestamp="2023-11-25T12:43:28 IST" skipped="0">
  <testcase classname="rahulshettyacademy.Appium_02_StartServer" name="TestConfigureAppium" time="34.079"/>
  <system-out/>
</testsuite> <!-- rahulshettyacademy.Appium_02_StartServer -->
