<?xml version="1.0" encoding="UTF-8"?>
<!-- Generated by org.testng.reporters.JUnitReportReporter -->
<testsuite hostname="DESKTOP-N6P94DG" failures="0" tests="1" name="rahulshettyacademy.Appium_07_LongPress" time="12.714" errors="0" timestamp="2023-11-28T10:55:26 IST" skipped="0">
  <testcase classname="rahulshettyacademy.Appium_07_LongPress" name="LongPressGesture" time="12.714"/>
  <system-out/>
</testsuite> <!-- rahulshettyacademy.Appium_07_LongPress -->
