<?xml version="1.0" encoding="UTF-8"?>
<!-- Generated by org.testng.reporters.JUnitReportReporter -->
<testsuite hostname="DESKTOP-N6P94DG" failures="0" tests="1" name="framework.Framework_01_testCase1" time="29.402" errors="0" timestamp="2023-12-05T14:27:06 IST" skipped="0">
  <testcase classname="framework.Framework_01_testCase1" name="FillForm" time="29.402"/>
  <system-out/>
</testsuite> <!-- framework.Framework_01_testCase1 -->
