<?xml version="1.0" encoding="UTF-8"?>
<!-- Generated by org.testng.reporters.JUnitReportReporter -->
<testsuite hostname="DESKTOP-N6P94DG" failures="0" tests="1" name="rahulshettyacademy.Appium_01" time="43.536" errors="0" timestamp="2023-11-25T12:04:20 IST" skipped="0">
  <testcase classname="rahulshettyacademy.Appium_01" name="TestConfigureAppium" time="43.536"/>
  <system-out/>
</testsuite> <!-- rahulshettyacademy.Appium_01 -->
