<?xml version="1.0" encoding="UTF-8"?>
<!-- Generated by org.testng.reporters.JUnitReportReporter -->
<testsuite hostname="DESKTOP-N6P94DG" failures="0" tests="1" name="rahulshettyacademy.Appium_06_LongPress" time="13.291" errors="0" timestamp="2023-11-28T10:49:18 IST" skipped="0">
  <testcase classname="rahulshettyacademy.Appium_06_LongPress" name="LongPressGesture" time="13.291"/>
  <system-out/>
</testsuite> <!-- rahulshettyacademy.Appium_06_LongPress -->
