<?xml version="1.0" encoding="UTF-8"?>
<!-- Generated by org.testng.reporters.JUnitReportReporter -->
<testsuite hostname="DESKTOP-N6P94DG" failures="0" tests="1" name="appiumlearning.Appium_08_ScrollDemo" time="14.423" errors="0" timestamp="2024-01-26T15:32:52 IST" skipped="0">
  <testcase classname="appiumlearning.Appium_08_ScrollDemo" name="ScrollDemoTest" time="14.423"/>
  <system-out/>
</testsuite> <!-- appiumlearning.Appium_08_ScrollDemo -->
