<?xml version="1.0" encoding="UTF-8"?>
<!-- Generated by org.testng.reporters.JUnitReportReporter -->
<testsuite hostname="DESKTOP-N6P94DG" failures="0" tests="1" name="appiumlearning.Appium_01" time="308.016" errors="0" timestamp="2024-01-29T21:17:42 IST" skipped="0">
  <testcase classname="appiumlearning.Appium_01" name="TestConfigureAppium" time="308.016"/>
  <system-out/>
</testsuite> <!-- appiumlearning.Appium_01 -->
