<?xml version="1.0" encoding="UTF-8"?>
<!-- Generated by org.testng.reporters.JUnitReportReporter -->
<testsuite hostname="DESKTOP-N6P94DG" failures="0" tests="1" name="rahulshettyacademy.Appium_08_ScrollDemo" time="15.392" errors="0" timestamp="2023-11-28T11:10:58 IST" skipped="0">
  <testcase classname="rahulshettyacademy.Appium_08_ScrollDemo" name="ScrollDemoTest" time="15.392"/>
  <system-out/>
</testsuite> <!-- rahulshettyacademy.Appium_08_ScrollDemo -->
