<?xml version="1.0" encoding="UTF-8"?>
<!-- Generated by org.testng.reporters.JUnitReportReporter -->
<testsuite hostname="DESKTOP-N6P94DG" failures="0" tests="1" name="appiumlearning.Appium_15_HybridApp" time="44.818" errors="0" timestamp="2023-11-30T15:56:02 IST" skipped="0">
  <testcase classname="appiumlearning.Appium_15_HybridApp" name="FillForm" time="44.818"/>
  <system-out/>
</testsuite> <!-- appiumlearning.Appium_15_HybridApp -->
