<?xml version="1.0" encoding="UTF-8"?>
<!-- Generated by org.testng.reporters.JUnitReportReporter -->
<testsuite hostname="DESKTOP-N6P94DG" failures="0" tests="1" name="appiumlearning.Appium_06_LongPress" time="10.212" errors="0" timestamp="2024-01-26T15:17:04 IST" skipped="0">
  <testcase classname="appiumlearning.Appium_06_LongPress" name="LongPressGesture" time="10.212"/>
  <system-out/>
</testsuite> <!-- appiumlearning.Appium_06_LongPress -->
