<?xml version="1.0" encoding="UTF-8"?>
<!-- Generated by org.testng.reporters.JUnitReportReporter -->
<testsuite hostname="DESKTOP-N6P94DG" failures="0" tests="1" name="appiumlearning.Appium_09_SwipeDemo" time="12.633" errors="0" timestamp="2024-01-26T15:43:07 IST" skipped="0">
  <testcase classname="appiumlearning.Appium_09_SwipeDemo" name="SwipeDemoTest" time="12.633"/>
  <system-out/>
</testsuite> <!-- appiumlearning.Appium_09_SwipeDemo -->
