<?xml version="1.0" encoding="UTF-8"?>
<!-- Generated by org.testng.reporters.JUnitReportReporter -->
<testsuite hostname="DESKTOP-N6P94DG" failures="0" tests="1" name="rahulshettyacademy.Appium_09_SwipeDemo" time="15.182" errors="0" timestamp="2023-11-28T11:51:27 IST" skipped="0">
  <testcase classname="rahulshettyacademy.Appium_09_SwipeDemo" name="SwipeDemoTest" time="15.182"/>
  <system-out/>
</testsuite> <!-- rahulshettyacademy.Appium_09_SwipeDemo -->
