<?xml version="1.0" encoding="UTF-8"?>
<!-- Generated by org.testng.reporters.JUnitReportReporter -->
<testsuite hostname="DESKTOP-N6P94DG" failures="0" tests="1" name="rahulshettyacademy.Appium_04_Basics" time="4.017" errors="0" timestamp="2023-11-25T17:22:35 IST" skipped="0">
  <testcase classname="rahulshettyacademy.Appium_04_Basics" name="WifiSettingsName" time="4.017"/>
  <system-out/>
</testsuite> <!-- rahulshettyacademy.Appium_04_Basics -->
