<?xml version="1.0" encoding="UTF-8"?>
<!-- Generated by org.testng.reporters.JUnitReportReporter -->
<testsuite hostname="DESKTOP-N6P94DG" failures="0" tests="1" name="appiumlearning.Appium_12_tc_1" time="30.579" errors="0" timestamp="2023-12-05T13:42:15 IST" skipped="0">
  <testcase classname="appiumlearning.Appium_12_tc_1" name="FillForm" time="30.579"/>
  <system-out/>
</testsuite> <!-- appiumlearning.Appium_12_tc_1 -->
