<?xml version="1.0" encoding="UTF-8"?>
<!-- Generated by org.testng.reporters.JUnitReportReporter -->
<testsuite hostname="DESKTOP-N6P94DG" failures="0" tests="1" name="rahulshettyacademy.Appium_05_WifiSetting" time="23.027" errors="0" timestamp="2023-11-25T17:27:55 IST" skipped="0">
  <testcase classname="rahulshettyacademy.Appium_05_WifiSetting" name="TestConfigureAppium" time="23.027"/>
  <system-out/>
</testsuite> <!-- rahulshettyacademy.Appium_05_WifiSetting -->
