<?xml version="1.0" encoding="UTF-8"?>
<!-- Generated by org.testng.reporters.JUnitReportReporter -->
<testsuite hostname="DESKTOP-N6P94DG" failures="0" tests="1" name="appiumlearning.Appium_05_WifiSetting" time="18.970" errors="0" timestamp="2024-01-29T21:50:51 IST" skipped="0">
  <testcase classname="appiumlearning.Appium_05_WifiSetting" name="TestConfigureAppium" time="18.970"/>
  <system-out/>
</testsuite> <!-- appiumlearning.Appium_05_WifiSetting -->
