<?xml version="1.0" encoding="UTF-8"?>
<!-- Generated by org.testng.reporters.JUnitReportReporter -->
<testsuite hostname="DESKTOP-N6P94DG" failures="0" tests="1" name="appiumlearning.Appium_13_tc_2" time="13.806" errors="0" timestamp="2023-11-29T10:11:08 IST" skipped="0">
  <testcase classname="appiumlearning.Appium_13_tc_2" name="FillForm" time="13.806"/>
  <system-out/>
</testsuite> <!-- appiumlearning.Appium_13_tc_2 -->
