<?xml version="1.0" encoding="UTF-8"?>
<!-- Generated by org.testng.reporters.JUnitReportReporter -->
<testsuite hostname="DESKTOP-N6P94DG" failures="0" tests="1" name="appiumlearning.Appium_10_DragDrop" time="17.068" errors="0" timestamp="2024-01-28T20:10:00 IST" skipped="0">
  <testcase classname="appiumlearning.Appium_10_DragDrop" name="DragDropTest" time="17.068"/>
  <system-out/>
</testsuite> <!-- appiumlearning.Appium_10_DragDrop -->
