<?xml version="1.0" encoding="UTF-8"?>
<!-- Generated by org.testng.reporters.JUnitReportReporter -->
<testsuite hostname="DESKTOP-N6P94DG" failures="0" tests="1" name="rahulshettyacademy.Appium_03_inspector" time="64.297" errors="0" timestamp="2023-11-25T17:20:34 IST" skipped="0">
  <testcase classname="rahulshettyacademy.Appium_03_inspector" name="TestConfigureAppium" time="64.297"/>
  <system-out/>
</testsuite> <!-- rahulshettyacademy.Appium_03_inspector -->
