<?xml version="1.0" encoding="UTF-8"?>
<!-- Generated by org.testng.reporters.JUnitReportReporter -->
<testsuite hostname="DESKTOP-N6P94DG" failures="0" tests="1" name="rahulshettyacademy.Appium_12_tc_1" time="39.020" errors="0" timestamp="2023-11-29T09:51:49 IST" skipped="0">
  <testcase classname="rahulshettyacademy.Appium_12_tc_1" name="FillForm" time="39.020"/>
  <system-out/>
</testsuite> <!-- rahulshettyacademy.Appium_12_tc_1 -->
