<?xml version="1.0" encoding="UTF-8"?>
<!-- Generated by org.testng.reporters.JUnitReportReporter -->
<testsuite hostname="DESKTOP-N6P94DG" failures="0" tests="1" name="framework_02.Framework_01_testCase1" time="21.336" errors="0" timestamp="2023-12-05T15:17:21 IST" skipped="0">
  <testcase classname="framework_02.Framework_01_testCase1" name="FillForm" time="21.336"/>
  <system-out/>
</testsuite> <!-- framework_02.Framework_01_testCase1 -->
